# JRE version: Java(TM) SE Runtime Environment (8.0_311-b11) (build 1.8.0_311-b11)
# Java VM: Java HotSpot(TM) 64-Bit Server VM (25.311-b11 mixed mode windows-amd64 compressed oops)
Heap:
 PSYoungGen      total 4715520K, used 4142724K [0x0000000695580000, 0x00000007c0000000, 0x00000007c0000000)
  eden space 4534784K, 91% used [0x0000000695580000,0x0000000792321188,0x00000007aa200000)
  from space 180736K, 0% used [0x00000007b4f80000,0x00000007b4f80000,0x00000007c0000000)
  to   space 177664K, 0% used [0x00000007aa200000,0x00000007aa200000,0x00000007b4f80000)
 ParOldGen       total 9786880K, used 443365K [0x0000000440000000, 0x0000000695580000, 0x0000000695580000)
  object space 9786880K, 4% used [0x0000000440000000,0x000000045b0f9588,0x0000000695580000)
 Metaspace       used 109213K, capacity 123335K, committed 123416K, reserved 1150976K
  class space    used 17650K, capacity 21503K, committed 21552K, reserved 1048576K
GC Heap History (10 events):
Event: 13.602 GC heap before
{Heap before GC invocations=20 (full 3):
 PSYoungGen      total 4690944K, used 4529204K [0x0000000695580000, 0x00000007c0000000, 0x00000007c0000000)
  eden space 4484096K, 100% used [0x0000000695580000,0x00000007a7080000,0x00000007a7080000)
  from space 206848K, 21% used [0x00000007b3600000,0x00000007b620d078,0x00000007c0000000)
  to   space 202240K, 0% used [0x00000007a7080000,0x00000007a7080000,0x00000007b3600000)
 ParOldGen       total 9786880K, used 331097K [0x0000000440000000, 0x0000000695580000, 0x0000000695580000)
  object space 9786880K, 3% used [0x0000000440000000,0x00000004543567e8,0x0000000695580000)
 Metaspace       used 81420K, capacity 89869K, committed 90008K, reserved 1122304K
  class space    used 13636K, capacity 16442K, committed 16560K, reserved 1048576K
Event: 13.626 GC heap after
Heap after GC invocations=20 (full 3):
 PSYoungGen      total 4686336K, used 52271K [0x0000000695580000, 0x00000007c0000000, 0x00000007c0000000)
  eden space 4484096K, 0% used [0x0000000695580000,0x0000000695580000,0x00000007a7080000)
  from space 202240K, 25% used [0x00000007a7080000,0x00000007aa38bf60,0x00000007b3600000)
  to   space 195584K, 0% used [0x00000007b4100000,0x00000007b4100000,0x00000007c0000000)
 ParOldGen       total 9786880K, used 340222K [0x0000000440000000, 0x0000000695580000, 0x0000000695580000)
  object space 9786880K, 3% used [0x0000000440000000,0x0000000454c3fa40,0x0000000695580000)
 Metaspace       used 81420K, capacity 89869K, committed 90008K, reserved 1122304K
  class space    used 13636K, capacity 16442K, committed 16560K, reserved 1048576K
}
Event: 14.168 GC heap before
{Heap before GC invocations=21 (full 3):
 PSYoungGen      total 4686336K, used 4536367K [0x0000000695580000, 0x00000007c0000000, 0x00000007c0000000)
  eden space 4484096K, 100% used [0x0000000695580000,0x00000007a7080000,0x00000007a7080000)
  from space 202240K, 25% used [0x00000007a7080000,0x00000007aa38bf60,0x00000007b3600000)
  to   space 195584K, 0% used [0x00000007b4100000,0x00000007b4100000,0x00000007c0000000)
 ParOldGen       total 9786880K, used 340222K [0x0000000440000000, 0x0000000695580000, 0x0000000695580000)
  object space 9786880K, 3% used [0x0000000440000000,0x0000000454c3fa40,0x0000000695580000)
 Metaspace       used 81423K, capacity 89875K, committed 90008K, reserved 1122304K
  class space    used 13637K, capacity 16443K, committed 16560K, reserved 1048576K
Event: 14.190 GC heap after
Heap after GC invocations=21 (full 3):
 PSYoungGen      total 4704768K, used 53983K [0x0000000695580000, 0x00000007c0000000, 0x00000007c0000000)
  eden space 4509184K, 0% used [0x0000000695580000,0x0000000695580000,0x00000007a8900000)
  from space 195584K, 27% used [0x00000007b4100000,0x00000007b75b7ef8,0x00000007c0000000)
  to   space 188416K, 0% used [0x00000007a8900000,0x00000007a8900000,0x00000007b4100000)
 ParOldGen       total 9786880K, used 351722K [0x0000000440000000, 0x0000000695580000, 0x0000000695580000)
  object space 9786880K, 3% used [0x0000000440000000,0x000000045577aa50,0x0000000695580000)
 Metaspace       used 81423K, capacity 89875K, committed 90008K, reserved 1122304K
  class space    used 13637K, capacity 16443K, committed 16560K, reserved 1048576K
}
Event: 14.787 GC heap before
{Heap before GC invocations=22 (full 3):
 PSYoungGen      total 4704768K, used 4563167K [0x0000000695580000, 0x00000007c0000000, 0x00000007c0000000)
  eden space 4509184K, 100% used [0x0000000695580000,0x00000007a8900000,0x00000007a8900000)
  from space 195584K, 27% used [0x00000007b4100000,0x00000007b75b7ef8,0x00000007c0000000)
  to   space 188416K, 0% used [0x00000007a8900000,0x00000007a8900000,0x00000007b4100000)
 ParOldGen       total 9786880K, used 351722K [0x0000000440000000, 0x0000000695580000, 0x0000000695580000)
  object space 9786880K, 3% used [0x0000000440000000,0x000000045577aa50,0x0000000695580000)
 Metaspace       used 81423K, capacity 89875K, committed 90008K, reserved 1122304K
  class space    used 13637K, capacity 16443K, committed 16560K, reserved 1048576K
Event: 14.810 GC heap after
Heap after GC invocations=22 (full 3):
 PSYoungGen      total 4697600K, used 58575K [0x0000000695580000, 0x00000007c0000000, 0x00000007c0000000)
  eden space 4509184K, 0% used [0x0000000695580000,0x0000000695580000,0x00000007a8900000)
  from space 188416K, 31% used [0x00000007a8900000,0x00000007ac233ed8,0x00000007b4100000)
  to   space 180736K, 0% used [0x00000007b4f80000,0x00000007b4f80000,0x00000007c0000000)
 ParOldGen       total 9786880K, used 361034K [0x0000000440000000, 0x0000000695580000, 0x0000000695580000)
  object space 9786880K, 3% used [0x0000000440000000,0x0000000456092a80,0x0000000695580000)
 Metaspace       used 81423K, capacity 89875K, committed 90008K, reserved 1122304K
  class space    used 13637K, capacity 16443K, committed 16560K, reserved 1048576K
}
Event: 16.886 GC heap before
{Heap before GC invocations=23 (full 3):
 PSYoungGen      total 4697600K, used 2396216K [0x0000000695580000, 0x00000007c0000000, 0x00000007c0000000)
  eden space 4509184K, 51% used [0x0000000695580000,0x000000072405a470,0x00000007a8900000)
  from space 188416K, 31% used [0x00000007a8900000,0x00000007ac233ed8,0x00000007b4100000)
  to   space 180736K, 0% used [0x00000007b4f80000,0x00000007b4f80000,0x00000007c0000000)
 ParOldGen       total 9786880K, used 361034K [0x0000000440000000, 0x0000000695580000, 0x0000000695580000)
  object space 9786880K, 3% used [0x0000000440000000,0x0000000456092a80,0x0000000695580000)
 Metaspace       used 87846K, capacity 98559K, committed 98600K, reserved 1130496K
  class space    used 14820K, capacity 18085K, committed 18096K, reserved 1048576K
Event: 16.914 GC heap after
Heap after GC invocations=23 (full 3):
 PSYoungGen      total 4715520K, used 95308K [0x0000000695580000, 0x00000007c0000000, 0x00000007c0000000)
  eden space 4534784K, 0% used [0x0000000695580000,0x0000000695580000,0x00000007aa200000)
  from space 180736K, 52% used [0x00000007b4f80000,0x00000007bac930d8,0x00000007c0000000)
  to   space 177664K, 0% used [0x00000007aa200000,0x00000007aa200000,0x00000007b4f80000)
 ParOldGen       total 9786880K, used 361050K [0x0000000440000000, 0x0000000695580000, 0x0000000695580000)
  object space 9786880K, 3% used [0x0000000440000000,0x0000000456096a80,0x0000000695580000)
 Metaspace       used 87846K, capacity 98559K, committed 98600K, reserved 1130496K
  class space    used 14820K, capacity 18085K, committed 18096K, reserved 1048576K
}
Event: 16.914 GC heap before
{Heap before GC invocations=24 (full 4):
 PSYoungGen      total 4715520K, used 95308K [0x0000000695580000, 0x00000007c0000000, 0x00000007c0000000)
  eden space 4534784K, 0% used [0x0000000695580000,0x0000000695580000,0x00000007aa200000)
  from space 180736K, 52% used [0x00000007b4f80000,0x00000007bac930d8,0x00000007c0000000)
  to   space 177664K, 0% used [0x00000007aa200000,0x00000007aa200000,0x00000007b4f80000)
 ParOldGen       total 9786880K, used 361050K [0x0000000440000000, 0x0000000695580000, 0x0000000695580000)
  object space 9786880K, 3% used [0x0000000440000000,0x0000000456096a80,0x0000000695580000)
 Metaspace       used 87846K, capacity 98559K, committed 98600K, reserved 1130496K
  class space    used 14820K, capacity 18085K, committed 18096K, reserved 1048576K
Event: 18.076 GC heap after
Heap after GC invocations=24 (full 4):
 PSYoungGen      total 4715520K, used 0K [0x0000000695580000, 0x00000007c0000000, 0x00000007c0000000)
  eden space 4534784K, 0% used [0x0000000695580000,0x0000000695580000,0x00000007aa200000)
  from space 180736K, 0% used [0x00000007b4f80000,0x00000007b4f80000,0x00000007c0000000)
  to   space 177664K, 0% used [0x00000007aa200000,0x00000007aa200000,0x00000007b4f80000)
 ParOldGen       total 9786880K, used 443365K [0x0000000440000000, 0x0000000695580000, 0x0000000695580000)
  object space 9786880K, 4% used [0x0000000440000000,0x000000045b0f9588,0x0000000695580000)
 Metaspace       used 87793K, capacity 98433K, committed 98600K, reserved 1130496K
  class space    used 14804K, capacity 18056K, committed 18096K, reserved 1048576K
}

