# JRE version: Java(TM) SE Runtime Environment (8.0_311-b11) (build 1.8.0_311-b11)
# Java VM: Java HotSpot(TM) 64-Bit Server VM (25.311-b11 mixed mode windows-amd64 compressed oops)
Heap:
 PSYoungGen      total 4893184K, used 503317K [0x000000066ab00000, 0x00000007c0000000, 0x00000007c0000000)
  eden space 4194304K, 12% used [0x000000066ab00000,0x0000000689685580,0x000000076ab00000)
  from space 698880K, 0% used [0x000000076ab00000,0x000000076ab00000,0x0000000795580000)
  to   space 698880K, 0% used [0x0000000795580000,0x0000000795580000,0x00000007c0000000)
 ParOldGen       total 11185152K, used 28658K [0x00000003c0000000, 0x000000066ab00000, 0x000000066ab00000)
  object space 11185152K, 0% used [0x00000003c0000000,0x00000003c1bfc878,0x000000066ab00000)
 Metaspace       used 24036K, capacity 25304K, committed 25648K, reserved 1071104K
  class space    used 3136K, capacity 3541K, committed 3632K, reserved 1048576K
GC Heap History (4 events):
Event: 2.182 GC heap before
{Heap before GC invocations=1 (full 0):
 PSYoungGen      total 4893184K, used 922906K [0x000000066ab00000, 0x00000007c0000000, 0x00000007c0000000)
  eden space 4194304K, 22% used [0x000000066ab00000,0x00000006a30468c0,0x000000076ab00000)
  from space 698880K, 0% used [0x0000000795580000,0x0000000795580000,0x00000007c0000000)
  to   space 698880K, 0% used [0x000000076ab00000,0x000000076ab00000,0x0000000795580000)
 ParOldGen       total 11185152K, used 0K [0x00000003c0000000, 0x000000066ab00000, 0x000000066ab00000)
  object space 11185152K, 0% used [0x00000003c0000000,0x00000003c0000000,0x000000066ab00000)
 Metaspace       used 20255K, capacity 21254K, committed 21296K, reserved 1067008K
  class space    used 2583K, capacity 2830K, committed 2864K, reserved 1048576K
Event: 2.195 GC heap after
Heap after GC invocations=1 (full 0):
 PSYoungGen      total 4893184K, used 29445K [0x000000066ab00000, 0x00000007c0000000, 0x00000007c0000000)
  eden space 4194304K, 0% used [0x000000066ab00000,0x000000066ab00000,0x000000076ab00000)
  from space 698880K, 4% used [0x000000076ab00000,0x000000076c7c16e0,0x0000000795580000)
  to   space 698880K, 0% used [0x0000000795580000,0x0000000795580000,0x00000007c0000000)
 ParOldGen       total 11185152K, used 115K [0x00000003c0000000, 0x000000066ab00000, 0x000000066ab00000)
  object space 11185152K, 0% used [0x00000003c0000000,0x00000003c001cc40,0x000000066ab00000)
 Metaspace       used 20255K, capacity 21254K, committed 21296K, reserved 1067008K
  class space    used 2583K, capacity 2830K, committed 2864K, reserved 1048576K
}
Event: 2.195 GC heap before
{Heap before GC invocations=2 (full 1):
 PSYoungGen      total 4893184K, used 29445K [0x000000066ab00000, 0x00000007c0000000, 0x00000007c0000000)
  eden space 4194304K, 0% used [0x000000066ab00000,0x000000066ab00000,0x000000076ab00000)
  from space 698880K, 4% used [0x000000076ab00000,0x000000076c7c16e0,0x0000000795580000)
  to   space 698880K, 0% used [0x0000000795580000,0x0000000795580000,0x00000007c0000000)
 ParOldGen       total 11185152K, used 115K [0x00000003c0000000, 0x000000066ab00000, 0x000000066ab00000)
  object space 11185152K, 0% used [0x00000003c0000000,0x00000003c001cc40,0x000000066ab00000)
 Metaspace       used 20255K, capacity 21254K, committed 21296K, reserved 1067008K
  class space    used 2583K, capacity 2830K, committed 2864K, reserved 1048576K
Event: 2.225 GC heap after
Heap after GC invocations=2 (full 1):
 PSYoungGen      total 4893184K, used 0K [0x000000066ab00000, 0x00000007c0000000, 0x00000007c0000000)
  eden space 4194304K, 0% used [0x000000066ab00000,0x000000066ab00000,0x000000076ab00000)
  from space 698880K, 0% used [0x000000076ab00000,0x000000076ab00000,0x0000000795580000)
  to   space 698880K, 0% used [0x0000000795580000,0x0000000795580000,0x00000007c0000000)
 ParOldGen       total 11185152K, used 28658K [0x00000003c0000000, 0x000000066ab00000, 0x000000066ab00000)
  object space 11185152K, 0% used [0x00000003c0000000,0x00000003c1bfc878,0x000000066ab00000)
 Metaspace       used 20255K, capacity 21254K, committed 21296K, reserved 1067008K
  class space    used 2583K, capacity 2830K, committed 2864K, reserved 1048576K
}

